2022-03-20 19:16:31,908 [INFO] from play.api.http.EnabledFilters in play-dev-mode-akka.actor.default-dispatcher-5 - Enabled Filters (see <https://www.playframework.com/documentation/latest/Filters>):

    play.filters.csrf.CSRFFilter
    play.filters.headers.SecurityHeadersFilter
    play.filters.hosts.AllowedHostsFilter

2022-03-20 19:16:31,981 [INFO] from play.api.Play in play-dev-mode-akka.actor.default-dispatcher-5 - Application started (Dev) (no global state)
2022-03-20 19:19:35,351 [INFO] from play.api.internal.libs.concurrent.CoordinatedShutdownSupport in main - Starting synchronous coordinated shutdown with ServerStoppedReason reason and 2147508000 milliseconds timeout
2022-03-20 19:19:35,355 [INFO] from play.core.server.AkkaHttpServer in application-akka.actor.internal-dispatcher-2 - Terminating server binding for /0:0:0:0:0:0:0:0:9092
2022-03-20 19:19:35,364 [INFO] from play.core.server.AkkaHttpServer in application-akka.actor.internal-dispatcher-5 - Running provided shutdown stop hooks
2022-03-20 19:19:35,966 [INFO] from play.api.internal.libs.concurrent.CoordinatedShutdownSupport in main - Starting synchronous coordinated shutdown with ServerStoppedReason reason and 2147508000 milliseconds timeout
2022-03-20 19:19:35,967 [INFO] from play.core.server.AkkaHttpServer in application-akka.actor.internal-dispatcher-2 - Terminating server binding for /0:0:0:0:0:0:0:0:9161
2022-03-20 19:19:35,969 [INFO] from play.core.server.AkkaHttpServer in application-akka.actor.internal-dispatcher-3 - Running provided shutdown stop hooks
2022-03-20 19:19:36,952 [INFO] from play.api.internal.libs.concurrent.CoordinatedShutdownSupport in main - Starting synchronous coordinated shutdown with ServerStoppedReason reason and 2147508000 milliseconds timeout
2022-03-20 19:19:36,952 [INFO] from play.core.server.AkkaHttpServer in application-akka.actor.internal-dispatcher-4 - Terminating server binding for /0:0:0:0:0:0:0:0:9230
2022-03-20 19:19:36,954 [INFO] from play.core.server.AkkaHttpServer in application-akka.actor.internal-dispatcher-3 - Running provided shutdown stop hooks
2022-03-20 19:19:37,384 [INFO] from play.api.internal.libs.concurrent.CoordinatedShutdownSupport in main - Starting synchronous coordinated shutdown with ServerStoppedReason reason and 2147508000 milliseconds timeout
2022-03-20 19:19:37,384 [INFO] from play.core.server.AkkaHttpServer in application-akka.actor.internal-dispatcher-2 - Terminating server binding for /0:0:0:0:0:0:0:0:9267
2022-03-20 19:19:37,409 [INFO] from play.core.server.AkkaHttpServer in application-akka.actor.internal-dispatcher-4 - Running provided shutdown stop hooks
2022-03-20 19:19:37,853 [INFO] from play.api.internal.libs.concurrent.CoordinatedShutdownSupport in main - Starting synchronous coordinated shutdown with ServerStoppedReason reason and 2147508000 milliseconds timeout
2022-03-20 19:19:37,853 [INFO] from play.core.server.AkkaHttpServer in application-akka.actor.internal-dispatcher-4 - Terminating server binding for /0:0:0:0:0:0:0:0:9304
2022-03-20 19:19:37,857 [INFO] from play.core.server.AkkaHttpServer in application-akka.actor.internal-dispatcher-4 - Running provided shutdown stop hooks
2022-03-20 19:19:38,384 [INFO] from play.api.internal.libs.concurrent.CoordinatedShutdownSupport in main - Starting synchronous coordinated shutdown with ServerStoppedReason reason and 2147508000 milliseconds timeout
2022-03-20 19:19:38,384 [INFO] from play.core.server.AkkaHttpServer in application-akka.actor.internal-dispatcher-2 - Terminating server binding for /0:0:0:0:0:0:0:0:9341
2022-03-20 19:19:38,386 [INFO] from play.core.server.AkkaHttpServer in application-akka.actor.internal-dispatcher-6 - Running provided shutdown stop hooks
2022-03-20 19:22:52,138 [INFO] from play.api.internal.libs.concurrent.CoordinatedShutdownSupport in main - Starting synchronous coordinated shutdown with ServerStoppedReason reason and 2147508000 milliseconds timeout
2022-03-20 19:22:52,145 [INFO] from play.core.server.AkkaHttpServer in application-akka.actor.internal-dispatcher-5 - Terminating server binding for /0:0:0:0:0:0:0:0:9436
2022-03-20 19:22:52,160 [INFO] from play.core.server.AkkaHttpServer in application-akka.actor.internal-dispatcher-2 - Running provided shutdown stop hooks
2022-03-20 19:22:52,752 [INFO] from play.api.internal.libs.concurrent.CoordinatedShutdownSupport in main - Starting synchronous coordinated shutdown with ServerStoppedReason reason and 2147508000 milliseconds timeout
2022-03-20 19:22:52,754 [INFO] from play.core.server.AkkaHttpServer in application-akka.actor.internal-dispatcher-2 - Terminating server binding for /0:0:0:0:0:0:0:0:9505
2022-03-20 19:22:52,755 [INFO] from play.core.server.AkkaHttpServer in application-akka.actor.internal-dispatcher-2 - Running provided shutdown stop hooks
2022-03-20 19:22:53,817 [INFO] from play.api.internal.libs.concurrent.CoordinatedShutdownSupport in main - Starting synchronous coordinated shutdown with ServerStoppedReason reason and 2147508000 milliseconds timeout
2022-03-20 19:22:53,817 [INFO] from play.core.server.AkkaHttpServer in application-akka.actor.internal-dispatcher-5 - Terminating server binding for /0:0:0:0:0:0:0:0:9574
2022-03-20 19:22:53,820 [INFO] from play.core.server.AkkaHttpServer in application-akka.actor.internal-dispatcher-4 - Running provided shutdown stop hooks
2022-03-20 19:22:54,215 [INFO] from play.api.internal.libs.concurrent.CoordinatedShutdownSupport in main - Starting synchronous coordinated shutdown with ServerStoppedReason reason and 2147508000 milliseconds timeout
2022-03-20 19:22:54,216 [INFO] from play.core.server.AkkaHttpServer in application-akka.actor.internal-dispatcher-6 - Terminating server binding for /0:0:0:0:0:0:0:0:9611
2022-03-20 19:22:54,219 [INFO] from play.core.server.AkkaHttpServer in application-akka.actor.internal-dispatcher-6 - Running provided shutdown stop hooks
2022-03-20 19:22:54,588 [INFO] from play.api.internal.libs.concurrent.CoordinatedShutdownSupport in main - Starting synchronous coordinated shutdown with ServerStoppedReason reason and 2147508000 milliseconds timeout
2022-03-20 19:22:54,588 [INFO] from play.core.server.AkkaHttpServer in application-akka.actor.internal-dispatcher-4 - Terminating server binding for /0:0:0:0:0:0:0:0:9648
2022-03-20 19:22:54,590 [INFO] from play.core.server.AkkaHttpServer in application-akka.actor.internal-dispatcher-4 - Running provided shutdown stop hooks
2022-03-20 19:22:55,008 [INFO] from play.api.internal.libs.concurrent.CoordinatedShutdownSupport in main - Starting synchronous coordinated shutdown with ServerStoppedReason reason and 2147508000 milliseconds timeout
2022-03-20 19:22:55,008 [INFO] from play.core.server.AkkaHttpServer in application-akka.actor.internal-dispatcher-5 - Terminating server binding for /0:0:0:0:0:0:0:0:9685
2022-03-20 19:22:55,010 [INFO] from play.core.server.AkkaHttpServer in application-akka.actor.internal-dispatcher-5 - Running provided shutdown stop hooks
2022-03-20 19:23:42,318 [INFO] from play.api.internal.libs.concurrent.CoordinatedShutdownSupport in main - Starting synchronous coordinated shutdown with ServerStoppedReason reason and 2147508000 milliseconds timeout
2022-03-20 19:23:42,348 [INFO] from play.core.server.AkkaHttpServer in application-akka.actor.internal-dispatcher-2 - Terminating server binding for /0:0:0:0:0:0:0:0:9766
2022-03-20 19:23:42,364 [INFO] from play.core.server.AkkaHttpServer in application-akka.actor.internal-dispatcher-4 - Running provided shutdown stop hooks
2022-03-20 19:23:43,092 [INFO] from play.api.internal.libs.concurrent.CoordinatedShutdownSupport in main - Starting synchronous coordinated shutdown with ServerStoppedReason reason and 2147508000 milliseconds timeout
2022-03-20 19:23:43,093 [INFO] from play.core.server.AkkaHttpServer in application-akka.actor.internal-dispatcher-5 - Terminating server binding for /0:0:0:0:0:0:0:0:9835
2022-03-20 19:23:43,095 [INFO] from play.core.server.AkkaHttpServer in application-akka.actor.internal-dispatcher-5 - Running provided shutdown stop hooks
2022-03-20 19:23:44,483 [INFO] from play.api.internal.libs.concurrent.CoordinatedShutdownSupport in main - Starting synchronous coordinated shutdown with ServerStoppedReason reason and 2147508000 milliseconds timeout
2022-03-20 19:23:44,484 [INFO] from play.core.server.AkkaHttpServer in application-akka.actor.internal-dispatcher-3 - Terminating server binding for /0:0:0:0:0:0:0:0:9904
2022-03-20 19:23:44,486 [INFO] from play.core.server.AkkaHttpServer in application-akka.actor.internal-dispatcher-4 - Running provided shutdown stop hooks
2022-03-20 19:23:44,918 [INFO] from play.api.internal.libs.concurrent.CoordinatedShutdownSupport in main - Starting synchronous coordinated shutdown with ServerStoppedReason reason and 2147508000 milliseconds timeout
2022-03-20 19:23:44,919 [INFO] from play.core.server.AkkaHttpServer in application-akka.actor.internal-dispatcher-6 - Terminating server binding for /0:0:0:0:0:0:0:0:9941
2022-03-20 19:23:44,922 [INFO] from play.core.server.AkkaHttpServer in application-akka.actor.internal-dispatcher-3 - Running provided shutdown stop hooks
2022-03-20 19:23:45,556 [INFO] from play.api.internal.libs.concurrent.CoordinatedShutdownSupport in main - Starting synchronous coordinated shutdown with ServerStoppedReason reason and 2147508000 milliseconds timeout
2022-03-20 19:23:45,557 [INFO] from play.core.server.AkkaHttpServer in application-akka.actor.internal-dispatcher-3 - Terminating server binding for /0:0:0:0:0:0:0:0:9978
2022-03-20 19:23:45,563 [INFO] from play.core.server.AkkaHttpServer in application-akka.actor.internal-dispatcher-6 - Running provided shutdown stop hooks
2022-03-20 19:23:46,104 [INFO] from play.api.internal.libs.concurrent.CoordinatedShutdownSupport in main - Starting synchronous coordinated shutdown with ServerStoppedReason reason and 2147508000 milliseconds timeout
2022-03-20 19:23:46,104 [INFO] from play.core.server.AkkaHttpServer in application-akka.actor.internal-dispatcher-4 - Terminating server binding for /0:0:0:0:0:0:0:0:10015
2022-03-20 19:23:46,107 [INFO] from play.core.server.AkkaHttpServer in application-akka.actor.internal-dispatcher-4 - Running provided shutdown stop hooks
2022-03-20 19:30:10,088 [INFO] from play.api.internal.libs.concurrent.CoordinatedShutdownSupport in main - Starting synchronous coordinated shutdown with ServerStoppedReason reason and 2147508000 milliseconds timeout
2022-03-20 19:30:10,093 [INFO] from play.core.server.AkkaHttpServer in application-akka.actor.internal-dispatcher-4 - Terminating server binding for /0:0:0:0:0:0:0:0:10109
2022-03-20 19:30:10,104 [INFO] from play.core.server.AkkaHttpServer in application-akka.actor.internal-dispatcher-3 - Running provided shutdown stop hooks
2022-03-20 19:30:10,685 [INFO] from play.api.internal.libs.concurrent.CoordinatedShutdownSupport in main - Starting synchronous coordinated shutdown with ServerStoppedReason reason and 2147508000 milliseconds timeout
2022-03-20 19:30:10,686 [INFO] from play.core.server.AkkaHttpServer in application-akka.actor.internal-dispatcher-3 - Terminating server binding for /0:0:0:0:0:0:0:0:10178
2022-03-20 19:30:10,687 [INFO] from play.core.server.AkkaHttpServer in application-akka.actor.internal-dispatcher-4 - Running provided shutdown stop hooks
2022-03-20 19:30:11,637 [INFO] from play.api.internal.libs.concurrent.CoordinatedShutdownSupport in main - Starting synchronous coordinated shutdown with ServerStoppedReason reason and 2147508000 milliseconds timeout
2022-03-20 19:30:11,637 [INFO] from play.core.server.AkkaHttpServer in application-akka.actor.internal-dispatcher-7 - Terminating server binding for /0:0:0:0:0:0:0:0:10247
2022-03-20 19:30:11,639 [INFO] from play.core.server.AkkaHttpServer in application-akka.actor.internal-dispatcher-2 - Running provided shutdown stop hooks
2022-03-20 19:30:11,998 [INFO] from play.api.internal.libs.concurrent.CoordinatedShutdownSupport in main - Starting synchronous coordinated shutdown with ServerStoppedReason reason and 2147508000 milliseconds timeout
2022-03-20 19:30:12,000 [INFO] from play.core.server.AkkaHttpServer in application-akka.actor.internal-dispatcher-5 - Terminating server binding for /0:0:0:0:0:0:0:0:10284
2022-03-20 19:30:12,001 [INFO] from play.core.server.AkkaHttpServer in application-akka.actor.internal-dispatcher-5 - Running provided shutdown stop hooks
2022-03-20 19:30:12,464 [INFO] from play.api.internal.libs.concurrent.CoordinatedShutdownSupport in main - Starting synchronous coordinated shutdown with ServerStoppedReason reason and 2147508000 milliseconds timeout
2022-03-20 19:30:12,464 [INFO] from play.core.server.AkkaHttpServer in application-akka.actor.internal-dispatcher-2 - Terminating server binding for /0:0:0:0:0:0:0:0:10321
2022-03-20 19:30:12,467 [INFO] from play.core.server.AkkaHttpServer in application-akka.actor.internal-dispatcher-7 - Running provided shutdown stop hooks
2022-03-20 19:30:12,821 [INFO] from play.api.internal.libs.concurrent.CoordinatedShutdownSupport in main - Starting synchronous coordinated shutdown with ServerStoppedReason reason and 2147508000 milliseconds timeout
2022-03-20 19:30:12,821 [INFO] from play.core.server.AkkaHttpServer in application-akka.actor.internal-dispatcher-6 - Terminating server binding for /0:0:0:0:0:0:0:0:10358
2022-03-20 19:30:12,822 [INFO] from play.core.server.AkkaHttpServer in application-akka.actor.internal-dispatcher-6 - Running provided shutdown stop hooks
2022-03-20 19:34:25,676 [INFO] from play.api.internal.libs.concurrent.CoordinatedShutdownSupport in main - Starting synchronous coordinated shutdown with ServerStoppedReason reason and 2147508000 milliseconds timeout
2022-03-20 19:34:25,681 [INFO] from play.core.server.AkkaHttpServer in application-akka.actor.internal-dispatcher-4 - Terminating server binding for /0:0:0:0:0:0:0:0:10452
2022-03-20 19:34:25,695 [INFO] from play.core.server.AkkaHttpServer in application-akka.actor.internal-dispatcher-4 - Running provided shutdown stop hooks
2022-03-20 19:34:26,311 [INFO] from play.api.internal.libs.concurrent.CoordinatedShutdownSupport in main - Starting synchronous coordinated shutdown with ServerStoppedReason reason and 2147508000 milliseconds timeout
2022-03-20 19:34:26,311 [INFO] from play.core.server.AkkaHttpServer in application-akka.actor.internal-dispatcher-4 - Terminating server binding for /0:0:0:0:0:0:0:0:10521
2022-03-20 19:34:26,313 [INFO] from play.core.server.AkkaHttpServer in application-akka.actor.internal-dispatcher-4 - Running provided shutdown stop hooks
2022-03-20 19:34:27,503 [INFO] from play.api.internal.libs.concurrent.CoordinatedShutdownSupport in main - Starting synchronous coordinated shutdown with ServerStoppedReason reason and 2147508000 milliseconds timeout
2022-03-20 19:34:27,504 [INFO] from play.core.server.AkkaHttpServer in application-akka.actor.internal-dispatcher-4 - Terminating server binding for /0:0:0:0:0:0:0:0:10590
2022-03-20 19:34:27,506 [INFO] from play.core.server.AkkaHttpServer in application-akka.actor.internal-dispatcher-4 - Running provided shutdown stop hooks
2022-03-20 19:34:27,951 [INFO] from play.api.internal.libs.concurrent.CoordinatedShutdownSupport in main - Starting synchronous coordinated shutdown with ServerStoppedReason reason and 2147508000 milliseconds timeout
2022-03-20 19:34:27,952 [INFO] from play.core.server.AkkaHttpServer in application-akka.actor.internal-dispatcher-3 - Terminating server binding for /0:0:0:0:0:0:0:0:10627
2022-03-20 19:34:27,956 [INFO] from play.core.server.AkkaHttpServer in application-akka.actor.internal-dispatcher-3 - Running provided shutdown stop hooks
2022-03-20 19:34:28,476 [INFO] from play.api.internal.libs.concurrent.CoordinatedShutdownSupport in main - Starting synchronous coordinated shutdown with ServerStoppedReason reason and 2147508000 milliseconds timeout
2022-03-20 19:34:28,477 [INFO] from play.core.server.AkkaHttpServer in application-akka.actor.internal-dispatcher-5 - Terminating server binding for /0:0:0:0:0:0:0:0:10664
2022-03-20 19:34:28,482 [INFO] from play.core.server.AkkaHttpServer in application-akka.actor.internal-dispatcher-5 - Running provided shutdown stop hooks
2022-03-20 19:34:28,934 [INFO] from play.api.internal.libs.concurrent.CoordinatedShutdownSupport in main - Starting synchronous coordinated shutdown with ServerStoppedReason reason and 2147508000 milliseconds timeout
2022-03-20 19:34:28,935 [INFO] from play.core.server.AkkaHttpServer in application-akka.actor.internal-dispatcher-2 - Terminating server binding for /0:0:0:0:0:0:0:0:10701
2022-03-20 19:34:28,937 [INFO] from play.core.server.AkkaHttpServer in application-akka.actor.internal-dispatcher-8 - Running provided shutdown stop hooks
2022-03-20 19:34:45,389 [INFO] from play.api.internal.libs.concurrent.CoordinatedShutdownSupport in main - Starting synchronous coordinated shutdown with ServerStoppedReason reason and 2147508000 milliseconds timeout
2022-03-20 19:34:45,393 [INFO] from play.core.server.AkkaHttpServer in application-akka.actor.internal-dispatcher-4 - Terminating server binding for /0:0:0:0:0:0:0:0:10779
2022-03-20 19:34:45,404 [INFO] from play.core.server.AkkaHttpServer in application-akka.actor.internal-dispatcher-5 - Running provided shutdown stop hooks
2022-03-20 19:34:45,960 [INFO] from play.api.internal.libs.concurrent.CoordinatedShutdownSupport in main - Starting synchronous coordinated shutdown with ServerStoppedReason reason and 2147508000 milliseconds timeout
2022-03-20 19:34:45,961 [INFO] from play.core.server.AkkaHttpServer in application-akka.actor.internal-dispatcher-5 - Terminating server binding for /0:0:0:0:0:0:0:0:10848
2022-03-20 19:34:45,963 [INFO] from play.core.server.AkkaHttpServer in application-akka.actor.internal-dispatcher-3 - Running provided shutdown stop hooks
2022-03-20 19:34:46,832 [INFO] from play.api.internal.libs.concurrent.CoordinatedShutdownSupport in main - Starting synchronous coordinated shutdown with ServerStoppedReason reason and 2147508000 milliseconds timeout
2022-03-20 19:34:46,832 [INFO] from play.core.server.AkkaHttpServer in application-akka.actor.internal-dispatcher-6 - Terminating server binding for /0:0:0:0:0:0:0:0:10917
2022-03-20 19:34:46,834 [INFO] from play.core.server.AkkaHttpServer in application-akka.actor.internal-dispatcher-6 - Running provided shutdown stop hooks
2022-03-20 19:34:47,191 [INFO] from play.api.internal.libs.concurrent.CoordinatedShutdownSupport in main - Starting synchronous coordinated shutdown with ServerStoppedReason reason and 2147508000 milliseconds timeout
2022-03-20 19:34:47,191 [INFO] from play.core.server.AkkaHttpServer in application-akka.actor.internal-dispatcher-6 - Terminating server binding for /0:0:0:0:0:0:0:0:10954
2022-03-20 19:34:47,193 [INFO] from play.core.server.AkkaHttpServer in application-akka.actor.internal-dispatcher-6 - Running provided shutdown stop hooks
2022-03-20 19:34:47,595 [INFO] from play.api.internal.libs.concurrent.CoordinatedShutdownSupport in main - Starting synchronous coordinated shutdown with ServerStoppedReason reason and 2147508000 milliseconds timeout
2022-03-20 19:34:47,596 [INFO] from play.core.server.AkkaHttpServer in application-akka.actor.internal-dispatcher-5 - Terminating server binding for /0:0:0:0:0:0:0:0:10991
2022-03-20 19:34:47,598 [INFO] from play.core.server.AkkaHttpServer in application-akka.actor.internal-dispatcher-2 - Running provided shutdown stop hooks
2022-03-20 19:34:47,986 [INFO] from play.api.internal.libs.concurrent.CoordinatedShutdownSupport in main - Starting synchronous coordinated shutdown with ServerStoppedReason reason and 2147508000 milliseconds timeout
2022-03-20 19:34:47,987 [INFO] from play.core.server.AkkaHttpServer in application-akka.actor.internal-dispatcher-5 - Terminating server binding for /0:0:0:0:0:0:0:0:11028
2022-03-20 19:34:47,988 [INFO] from play.core.server.AkkaHttpServer in application-akka.actor.internal-dispatcher-8 - Running provided shutdown stop hooks
