[debug] > Exec(run, None, None)
[debug] Evaluating tasks: Compile / run
[debug] Running task... Cancel: Signal, check cycles: false, forcegc: true
[debug] Running task... Cancel: Signal, check cycles: false, forcegc: true
[info] compiling 2 Scala sources to C:\Users\mauli\Desktop\MACS\SOEN 6441 - Advanced Programming Practices\FreeLancelot\target\scala-2.13\classes ...
[warn] C:\Users\mauli\Desktop\MACS\SOEN 6441 - Advanced Programming Practices\FreeLancelot\app\views\index.scala.html:13:50: symbol literal is deprecated; use Symbol("class") instead
[warn]         @helper.inputText(searchForm("keyword"), 'class -> "col-xs-2", 'placeholder ->"Enter search terms")
[warn]                                                  ^
[warn] C:\Users\mauli\Desktop\MACS\SOEN 6441 - Advanced Programming Practices\FreeLancelot\app\views\index.scala.html:13:72: symbol literal is deprecated; use Symbol("placeholder") instead
[warn]         @helper.inputText(searchForm("keyword"), 'class -> "col-xs-2", 'placeholder ->"Enter search terms")
[warn]                                                                        ^
[warn] two warnings found
[info] done compiling
[debug] Running task... Cancel: Signal, check cycles: false, forcegc: true
[debug] Exporting web-assets:freelancelot
[debug] Running task... Cancel: Signal, check cycles: false, forcegc: true
[debug] Running task... Cancel: Signal, check cycles: false, forcegc: true
[info] compiling 1 Java source to C:\Users\mauli\Desktop\MACS\SOEN 6441 - Advanced Programming Practices\FreeLancelot\target\scala-2.13\classes ...
[info] done compiling
[debug] Running task... Cancel: Signal, check cycles: false, forcegc: true
[debug] Exporting web-assets:freelancelot
[debug] Running task... Cancel: Signal, check cycles: false, forcegc: true
[debug] Running task... Cancel: Signal, check cycles: false, forcegc: true
[info] compiling 1 Java source to C:\Users\mauli\Desktop\MACS\SOEN 6441 - Advanced Programming Practices\FreeLancelot\target\scala-2.13\classes ...
[info] done compiling
[debug] Forcing garbage collection...
[debug] Running task... Cancel: Signal, check cycles: false, forcegc: true
[debug] Exporting web-assets:freelancelot
[debug] Running task... Cancel: Signal, check cycles: false, forcegc: true
[debug] Running task... Cancel: Signal, check cycles: false, forcegc: true
[info] compiling 1 Java source to C:\Users\mauli\Desktop\MACS\SOEN 6441 - Advanced Programming Practices\FreeLancelot\target\scala-2.13\classes ...
[info] done compiling
[debug] Forcing garbage collection...
[debug] Running task... Cancel: Signal, check cycles: false, forcegc: true
[debug] Exporting web-assets:freelancelot
[debug] Running task... Cancel: Signal, check cycles: false, forcegc: true
[debug] Running task... Cancel: Signal, check cycles: false, forcegc: true
[info] compiling 1 Java source to C:\Users\mauli\Desktop\MACS\SOEN 6441 - Advanced Programming Practices\FreeLancelot\target\scala-2.13\classes ...
[info] done compiling
[debug] Running task... Cancel: Signal, check cycles: false, forcegc: true
[debug] Exporting web-assets:freelancelot
[debug] Running task... Cancel: Signal, check cycles: false, forcegc: true
[debug] Running task... Cancel: Signal, check cycles: false, forcegc: true
[info] compiling 1 Java source to C:\Users\mauli\Desktop\MACS\SOEN 6441 - Advanced Programming Practices\FreeLancelot\target\scala-2.13\classes ...
[info] done compiling
[debug] Forcing garbage collection...
[debug] Running task... Cancel: Signal, check cycles: false, forcegc: true
[debug] Exporting web-assets:freelancelot
[debug] Running task... Cancel: Signal, check cycles: false, forcegc: true
[debug] Running task... Cancel: Signal, check cycles: false, forcegc: true
[info] compiling 1 Java source to C:\Users\mauli\Desktop\MACS\SOEN 6441 - Advanced Programming Practices\FreeLancelot\target\scala-2.13\classes ...
[info] done compiling
[debug] Running task... Cancel: Signal, check cycles: false, forcegc: true
[debug] Exporting web-assets:freelancelot
[debug] Running task... Cancel: Signal, check cycles: false, forcegc: true
[debug] Running task... Cancel: Signal, check cycles: false, forcegc: true
[info] compiling 1 Java source to C:\Users\mauli\Desktop\MACS\SOEN 6441 - Advanced Programming Practices\FreeLancelot\target\scala-2.13\classes ...
[info] done compiling
[debug] Running task... Cancel: Signal, check cycles: false, forcegc: true
[debug] Exporting web-assets:freelancelot
[debug] Running task... Cancel: Signal, check cycles: false, forcegc: true
[debug] Running task... Cancel: Signal, check cycles: false, forcegc: true
[info] compiling 1 Java source to C:\Users\mauli\Desktop\MACS\SOEN 6441 - Advanced Programming Practices\FreeLancelot\target\scala-2.13\classes ...
[info] done compiling
[debug] Running task... Cancel: Signal, check cycles: false, forcegc: true
[debug] Exporting web-assets:freelancelot
[debug] Running task... Cancel: Signal, check cycles: false, forcegc: true
[debug] Running task... Cancel: Signal, check cycles: false, forcegc: true
[info] compiling 1 Java source to C:\Users\mauli\Desktop\MACS\SOEN 6441 - Advanced Programming Practices\FreeLancelot\target\scala-2.13\classes ...
[info] done compiling
[debug] Running task... Cancel: Signal, check cycles: false, forcegc: true
[debug] Exporting web-assets:freelancelot
[debug] Running task... Cancel: Signal, check cycles: false, forcegc: true
[debug] Running task... Cancel: Signal, check cycles: false, forcegc: true
[info] compiling 1 Java source to C:\Users\mauli\Desktop\MACS\SOEN 6441 - Advanced Programming Practices\FreeLancelot\target\scala-2.13\classes ...
[info] done compiling
[debug] Running task... Cancel: Signal, check cycles: false, forcegc: true
[debug] Exporting web-assets:freelancelot
[debug] Running task... Cancel: Signal, check cycles: false, forcegc: true
[debug] Running task... Cancel: Signal, check cycles: false, forcegc: true
[info] compiling 1 Java source to C:\Users\mauli\Desktop\MACS\SOEN 6441 - Advanced Programming Practices\FreeLancelot\target\scala-2.13\classes ...
[info] done compiling
[debug] Forcing garbage collection...
[debug] Running task... Cancel: Signal, check cycles: false, forcegc: true
[debug] Exporting web-assets:freelancelot
[debug] Running task... Cancel: Signal, check cycles: false, forcegc: true
[debug] Running task... Cancel: Signal, check cycles: false, forcegc: true
[info] compiling 1 Java source to C:\Users\mauli\Desktop\MACS\SOEN 6441 - Advanced Programming Practices\FreeLancelot\target\scala-2.13\classes ...
[info] done compiling
[debug] Running task... Cancel: Signal, check cycles: false, forcegc: true
[debug] Exporting web-assets:freelancelot
[debug] Running task... Cancel: Signal, check cycles: false, forcegc: true
[debug] Running task... Cancel: Signal, check cycles: false, forcegc: true
[info] compiling 1 Java source to C:\Users\mauli\Desktop\MACS\SOEN 6441 - Advanced Programming Practices\FreeLancelot\target\scala-2.13\classes ...
[info] done compiling
[debug] Running task... Cancel: Signal, check cycles: false, forcegc: true
[debug] Exporting web-assets:freelancelot
[debug] Running task... Cancel: Signal, check cycles: false, forcegc: true
[debug] Running task... Cancel: Signal, check cycles: false, forcegc: true
[info] compiling 1 Java source to C:\Users\mauli\Desktop\MACS\SOEN 6441 - Advanced Programming Practices\FreeLancelot\target\scala-2.13\classes ...
[info] done compiling
[debug] Running task... Cancel: Signal, check cycles: false, forcegc: true
[debug] Exporting web-assets:freelancelot
[debug] Running task... Cancel: Signal, check cycles: false, forcegc: true
[debug] Running task... Cancel: Signal, check cycles: false, forcegc: true
[info] compiling 1 Java source to C:\Users\mauli\Desktop\MACS\SOEN 6441 - Advanced Programming Practices\FreeLancelot\target\scala-2.13\classes ...
[info] done compiling
[debug] Running task... Cancel: Signal, check cycles: false, forcegc: true
[debug] Exporting web-assets:freelancelot
[debug] Running task... Cancel: Signal, check cycles: false, forcegc: true
[debug] Running task... Cancel: Signal, check cycles: false, forcegc: true
[info] compiling 1 Java source to C:\Users\mauli\Desktop\MACS\SOEN 6441 - Advanced Programming Practices\FreeLancelot\target\scala-2.13\classes ...
[info] done compiling
[debug] Running task... Cancel: Signal, check cycles: false, forcegc: true
[debug] Exporting web-assets:freelancelot
[debug] Running task... Cancel: Signal, check cycles: false, forcegc: true
[debug] Running task... Cancel: Signal, check cycles: false, forcegc: true
[info] compiling 1 Java source to C:\Users\mauli\Desktop\MACS\SOEN 6441 - Advanced Programming Practices\FreeLancelot\target\scala-2.13\classes ...
[error] C:\Users\mauli\Desktop\MACS\SOEN 6441 - Advanced Programming Practices\FreeLancelot\app\controllers\FreelancerController.java:69:1: cannot find symbol
[error]   symbol:   variable request
[error]   location: class controllers.FreelancerController
[error] request
[error] (Compile / compileIncremental) javac returned non-zero exit code
[debug] Running task... Cancel: Signal, check cycles: false, forcegc: true
[debug] Running task... Cancel: Signal, check cycles: false, forcegc: true
[debug] Running task... Cancel: Signal, check cycles: false, forcegc: true
[info] compiling 1 Java source to C:\Users\mauli\Desktop\MACS\SOEN 6441 - Advanced Programming Practices\FreeLancelot\target\scala-2.13\classes ...
[info] done compiling
[debug] Running task... Cancel: Signal, check cycles: false, forcegc: true
[debug] Exporting web-assets:freelancelot
[debug] Running task... Cancel: Signal, check cycles: false, forcegc: true
[debug] Running task... Cancel: Signal, check cycles: false, forcegc: true
[info] compiling 1 Java source to C:\Users\mauli\Desktop\MACS\SOEN 6441 - Advanced Programming Practices\FreeLancelot\target\scala-2.13\classes ...
[info] done compiling
[debug] Running task... Cancel: Signal, check cycles: false, forcegc: true
[debug] Exporting web-assets:freelancelot
[debug] Running task... Cancel: Signal, check cycles: false, forcegc: true
[debug] Running task... Cancel: Signal, check cycles: false, forcegc: true
[info] compiling 1 Java source to C:\Users\mauli\Desktop\MACS\SOEN 6441 - Advanced Programming Practices\FreeLancelot\target\scala-2.13\classes ...
[info] done compiling
[debug] Forcing garbage collection...
[debug] Running task... Cancel: Signal, check cycles: false, forcegc: true
[debug] Exporting web-assets:freelancelot
[debug] Running task... Cancel: Signal, check cycles: false, forcegc: true
[warn] Canceling execution...
[error] Cancelled: run
[error] Cancelled: run
[error] Use 'last' for the full log.
[debug] > Exec(idea-shell, None, None)
[warn] build source files have changed
[warn] modified files: 
[warn]   C:\Users\mauli\Desktop\MACS\SOEN 6441 - Advanced Programming Practices\FreeLancelot\build.sbt
[warn] Apply these changes by running `reload`.
[warn] Automatically reload the build when source changes are detected by setting `Global / onChangedBuildSource := ReloadOnSourceChanges`.
[warn] Disable this warning by setting `Global / onChangedBuildSource := IgnoreSourceChanges`.
