[debug] > Exec(run, None, None)
[debug] Evaluating tasks: Compile / run
[debug] Running task... Cancel: Signal, check cycles: false, forcegc: true
[debug] Running task... Cancel: Signal, check cycles: false, forcegc: true
[info] compiling 7 Scala sources and 8 Java sources to C:\Users\mauli\Desktop\MACS\SOEN 6441 - Advanced Programming Practices\FreeLancelot\target\scala-2.13\classes ...
[warn] C:\Users\mauli\Desktop\MACS\SOEN 6441 - Advanced Programming Practices\FreeLancelot\app\views\index.scala.html:13:50: symbol literal is deprecated; use Symbol("class") instead
[warn]         @helper.inputText(searchForm("keyword"), 'class -> "col-xs-2", 'placeholder ->"Enter search terms")
[warn]                                                  ^
[warn] C:\Users\mauli\Desktop\MACS\SOEN 6441 - Advanced Programming Practices\FreeLancelot\app\views\index.scala.html:13:72: symbol literal is deprecated; use Symbol("placeholder") instead
[warn]         @helper.inputText(searchForm("keyword"), 'class -> "col-xs-2", 'placeholder ->"Enter search terms")
[warn]                                                                        ^
[warn] two warnings found
[info] done compiling
[debug] Forcing garbage collection...
[debug] Running task... Cancel: Signal, check cycles: false, forcegc: true
[debug] Exporting web-assets:freelancelot
[debug] Running task... Cancel: Signal, check cycles: false, forcegc: true
[debug] Running task... Cancel: Signal, check cycles: false, forcegc: true
[info] compiling 1 Scala source and 1 Java source to C:\Users\mauli\Desktop\MACS\SOEN 6441 - Advanced Programming Practices\FreeLancelot\target\scala-2.13\classes ...
[warn] C:\Users\mauli\Desktop\MACS\SOEN 6441 - Advanced Programming Practices\FreeLancelot\app\views\index.scala.html:16:50: symbol literal is deprecated; use Symbol("class") instead
[warn]         @helper.inputText(searchForm("keyword"), 'class -> "col-xs-2", 'placeholder ->"Enter search terms")
[warn]                                                  ^
[warn] C:\Users\mauli\Desktop\MACS\SOEN 6441 - Advanced Programming Practices\FreeLancelot\app\views\index.scala.html:16:72: symbol literal is deprecated; use Symbol("placeholder") instead
[warn]         @helper.inputText(searchForm("keyword"), 'class -> "col-xs-2", 'placeholder ->"Enter search terms")
[warn]                                                                        ^
[warn] two warnings found
[info] done compiling
[debug] Forcing garbage collection...
[debug] Running task... Cancel: Signal, check cycles: false, forcegc: true
[debug] Exporting web-assets:freelancelot
[debug] Running task... Cancel: Signal, check cycles: false, forcegc: true
[debug] Running task... Cancel: Signal, check cycles: false, forcegc: true
[info] compiling 1 Scala source to C:\Users\mauli\Desktop\MACS\SOEN 6441 - Advanced Programming Practices\FreeLancelot\target\scala-2.13\classes ...
[warn] C:\Users\mauli\Desktop\MACS\SOEN 6441 - Advanced Programming Practices\FreeLancelot\app\views\index.scala.html:16:50: symbol literal is deprecated; use Symbol("class") instead
[warn]         @helper.inputText(searchForm("keyword"), 'class -> "col-xs-2", 'placeholder ->"Enter search terms")
[warn]                                                  ^
[warn] C:\Users\mauli\Desktop\MACS\SOEN 6441 - Advanced Programming Practices\FreeLancelot\app\views\index.scala.html:16:72: symbol literal is deprecated; use Symbol("placeholder") instead
[warn]         @helper.inputText(searchForm("keyword"), 'class -> "col-xs-2", 'placeholder ->"Enter search terms")
[warn]                                                                        ^
[warn] two warnings found
[info] done compiling
[debug] Running task... Cancel: Signal, check cycles: false, forcegc: true
[debug] Exporting web-assets:freelancelot
[debug] Running task... Cancel: Signal, check cycles: false, forcegc: true
[debug] Running task... Cancel: Signal, check cycles: false, forcegc: true
[info] compiling 1 Scala source to C:\Users\mauli\Desktop\MACS\SOEN 6441 - Advanced Programming Practices\FreeLancelot\target\scala-2.13\classes ...
[warn] C:\Users\mauli\Desktop\MACS\SOEN 6441 - Advanced Programming Practices\FreeLancelot\app\views\index.scala.html:22:70: symbol literal is deprecated; use Symbol("class") instead
[warn]                         <td>@helper.inputText(searchForm("keyword"), 'class -> "col-xs-2", 'placeholder ->"Enter search terms")</td>
[warn]                                                                      ^
[warn] C:\Users\mauli\Desktop\MACS\SOEN 6441 - Advanced Programming Practices\FreeLancelot\app\views\index.scala.html:22:92: symbol literal is deprecated; use Symbol("placeholder") instead
[warn]                         <td>@helper.inputText(searchForm("keyword"), 'class -> "col-xs-2", 'placeholder ->"Enter search terms")</td>
[warn]                                                                                            ^
[warn] two warnings found
[info] done compiling
[debug] Running task... Cancel: Signal, check cycles: false, forcegc: true
[debug] Exporting web-assets:freelancelot
[debug] Running task... Cancel: Signal, check cycles: false, forcegc: true
[debug] Running task... Cancel: Signal, check cycles: false, forcegc: true
[info] compiling 1 Scala source to C:\Users\mauli\Desktop\MACS\SOEN 6441 - Advanced Programming Practices\FreeLancelot\target\scala-2.13\classes ...
[warn] C:\Users\mauli\Desktop\MACS\SOEN 6441 - Advanced Programming Practices\FreeLancelot\app\views\index.scala.html:22:70: symbol literal is deprecated; use Symbol("class") instead
[warn]                         <td>@helper.inputText(searchForm("keyword"), 'class -> "col-xs-2", 'placeholder ->"Enter search terms")</td>
[warn]                                                                      ^
[warn] C:\Users\mauli\Desktop\MACS\SOEN 6441 - Advanced Programming Practices\FreeLancelot\app\views\index.scala.html:22:92: symbol literal is deprecated; use Symbol("placeholder") instead
[warn]                         <td>@helper.inputText(searchForm("keyword"), 'class -> "col-xs-2", 'placeholder ->"Enter search terms")</td>
[warn]                                                                                            ^
[warn] two warnings found
[info] done compiling
[debug] Running task... Cancel: Signal, check cycles: false, forcegc: true
[debug] Exporting web-assets:freelancelot
[debug] Running task... Cancel: Signal, check cycles: false, forcegc: true
[debug] Running task... Cancel: Signal, check cycles: false, forcegc: true
[info] compiling 1 Scala source to C:\Users\mauli\Desktop\MACS\SOEN 6441 - Advanced Programming Practices\FreeLancelot\target\scala-2.13\classes ...
[warn] C:\Users\mauli\Desktop\MACS\SOEN 6441 - Advanced Programming Practices\FreeLancelot\app\views\index.scala.html:23:74: symbol literal is deprecated; use Symbol("class") instead
[warn]                             <td>@helper.inputText(searchForm("keyword"), 'class -> "col-xs-2", 'placeholder ->"Enter search terms")</td>
[warn]                                                                          ^
[warn] C:\Users\mauli\Desktop\MACS\SOEN 6441 - Advanced Programming Practices\FreeLancelot\app\views\index.scala.html:23:96: symbol literal is deprecated; use Symbol("placeholder") instead
[warn]                             <td>@helper.inputText(searchForm("keyword"), 'class -> "col-xs-2", 'placeholder ->"Enter search terms")</td>
[warn]                                                                                                ^
[warn] two warnings found
[info] done compiling
[debug] Running task... Cancel: Signal, check cycles: false, forcegc: true
[debug] Exporting web-assets:freelancelot
[debug] Running task... Cancel: Signal, check cycles: false, forcegc: true
[debug] Running task... Cancel: Signal, check cycles: false, forcegc: true
[debug] Running task... Cancel: Signal, check cycles: false, forcegc: true
[debug] Exporting web-assets:freelancelot
[debug] Running task... Cancel: Signal, check cycles: false, forcegc: true
[debug] Running task... Cancel: Signal, check cycles: false, forcegc: true
[debug] Running task... Cancel: Signal, check cycles: false, forcegc: true
[debug] Exporting web-assets:freelancelot
[debug] Running task... Cancel: Signal, check cycles: false, forcegc: true
[debug] Running task... Cancel: Signal, check cycles: false, forcegc: true
[debug] Running task... Cancel: Signal, check cycles: false, forcegc: true
[debug] Exporting web-assets:freelancelot
[debug] Running task... Cancel: Signal, check cycles: false, forcegc: true
[debug] Running task... Cancel: Signal, check cycles: false, forcegc: true
[debug] Running task... Cancel: Signal, check cycles: false, forcegc: true
[debug] Exporting web-assets:freelancelot
[debug] Running task... Cancel: Signal, check cycles: false, forcegc: true
[debug] Running task... Cancel: Signal, check cycles: false, forcegc: true
[debug] Running task... Cancel: Signal, check cycles: false, forcegc: true
[debug] Exporting web-assets:freelancelot
[debug] Running task... Cancel: Signal, check cycles: false, forcegc: true
[debug] Running task... Cancel: Signal, check cycles: false, forcegc: true
[debug] Running task... Cancel: Signal, check cycles: false, forcegc: true
[debug] Exporting web-assets:freelancelot
[debug] Running task... Cancel: Signal, check cycles: false, forcegc: true
[debug] Running task... Cancel: Signal, check cycles: false, forcegc: true
[debug] Running task... Cancel: Signal, check cycles: false, forcegc: true
[debug] Exporting web-assets:freelancelot
[debug] Running task... Cancel: Signal, check cycles: false, forcegc: true
[debug] Running task... Cancel: Signal, check cycles: false, forcegc: true
[debug] Running task... Cancel: Signal, check cycles: false, forcegc: true
[debug] Exporting web-assets:freelancelot
[debug] Running task... Cancel: Signal, check cycles: false, forcegc: true
[debug] Running task... Cancel: Signal, check cycles: false, forcegc: true
[debug] Running task... Cancel: Signal, check cycles: false, forcegc: true
[debug] Exporting web-assets:freelancelot
[debug] Running task... Cancel: Signal, check cycles: false, forcegc: true
[debug] Running task... Cancel: Signal, check cycles: false, forcegc: true
[debug] Running task... Cancel: Signal, check cycles: false, forcegc: true
[debug] Exporting web-assets:freelancelot
[debug] Running task... Cancel: Signal, check cycles: false, forcegc: true
[debug] Running task... Cancel: Signal, check cycles: false, forcegc: true
[debug] Running task... Cancel: Signal, check cycles: false, forcegc: true
[debug] Exporting web-assets:freelancelot
[debug] Running task... Cancel: Signal, check cycles: false, forcegc: true
[debug] Running task... Cancel: Signal, check cycles: false, forcegc: true
[debug] Running task... Cancel: Signal, check cycles: false, forcegc: true
[debug] Exporting web-assets:freelancelot
[debug] Running task... Cancel: Signal, check cycles: false, forcegc: true
[debug] Running task... Cancel: Signal, check cycles: false, forcegc: true
[debug] Running task... Cancel: Signal, check cycles: false, forcegc: true
[debug] Exporting web-assets:freelancelot
[debug] Running task... Cancel: Signal, check cycles: false, forcegc: true
[debug] Running task... Cancel: Signal, check cycles: false, forcegc: true
[debug] Running task... Cancel: Signal, check cycles: false, forcegc: true
[debug] Exporting web-assets:freelancelot
[debug] Running task... Cancel: Signal, check cycles: false, forcegc: true
[debug] Running task... Cancel: Signal, check cycles: false, forcegc: true
[debug] Running task... Cancel: Signal, check cycles: false, forcegc: true
[debug] Exporting web-assets:freelancelot
[debug] Running task... Cancel: Signal, check cycles: false, forcegc: true
[debug] Running task... Cancel: Signal, check cycles: false, forcegc: true
[info] compiling 1 Scala source to C:\Users\mauli\Desktop\MACS\SOEN 6441 - Advanced Programming Practices\FreeLancelot\target\scala-2.13\classes ...
[info] done compiling
[debug] Forcing garbage collection...
[debug] Running task... Cancel: Signal, check cycles: false, forcegc: true
[debug] Exporting web-assets:freelancelot
[debug] Running task... Cancel: Signal, check cycles: false, forcegc: true
